<?xml version="1.0" encoding="UTF-8"?>
<testng-results ignored="0" total="2" passed="2" failed="0" skipped="0">
  <reporter-output>
  </reporter-output>
  <suite started-at="2023-08-24T16:12:37 UTC" name="Suite" finished-at="2023-08-24T16:13:07 UTC" duration-ms="29302">
    <groups>
    </groups>
    <test started-at="2023-08-24T16:12:37 UTC" name="Test" finished-at="2023-08-24T16:13:07 UTC" duration-ms="29302">
      <class name="ai.iamneo.testing.Testing_Selenium_TestNg.AppTest">
        <test-method is-config="true" signature="beforeTest()[pri:0, instance:ai.iamneo.testing.Testing_Selenium_TestNg.AppTest@2928854b]" started-at="2023-08-24T16:12:37 UTC" name="beforeTest" finished-at="2023-08-24T16:12:39 UTC" duration-ms="1868" status="PASS">
          <reporter-output>
          </reporter-output>
        </test-method> <!-- beforeTest -->
        <test-method signature="testcase_1()[pri:0, instance:ai.iamneo.testing.Testing_Selenium_TestNg.AppTest@2928854b]" started-at="2023-08-24T16:12:39 UTC" name="testcase_1" finished-at="2023-08-24T16:12:43 UTC" duration-ms="4244" status="PASS">
          <reporter-output>
          </reporter-output>
        </test-method> <!-- testcase_1 -->
        <test-method signature="testcase_2()[pri:0, instance:ai.iamneo.testing.Testing_Selenium_TestNg.AppTest@2928854b]" started-at="2023-08-24T16:12:43 UTC" name="testcase_2" finished-at="2023-08-24T16:13:06 UTC" duration-ms="22973" status="PASS">
          <reporter-output>
          </reporter-output>
        </test-method> <!-- testcase_2 -->
        <test-method is-config="true" signature="afterTest()[pri:0, instance:ai.iamneo.testing.Testing_Selenium_TestNg.AppTest@2928854b]" started-at="2023-08-24T16:13:06 UTC" name="afterTest" finished-at="2023-08-24T16:13:07 UTC" duration-ms="196" status="PASS">
          <reporter-output>
          </reporter-output>
        </test-method> <!-- afterTest -->
      </class> <!-- ai.iamneo.testing.Testing_Selenium_TestNg.AppTest -->
    </test> <!-- Test -->
  </suite> <!-- Suite -->
</testng-results>
