<?xml version="1.0" encoding="UTF-8"?>
<!-- Generated by org.testng.reporters.JUnitXMLReporter -->
<testsuite ignored="0" hostname="adafabdfcaaabcecbccfaabacdbefbaaebdcffff-0" failures="0" tests="2" name="Test" time="29.302" errors="0" timestamp="2023-08-24T16:13:07 UTC">
  <testcase classname="ai.iamneo.testing.Testing_Selenium_TestNg.AppTest" name="testcase_1" time="4.244"/>
  <testcase classname="ai.iamneo.testing.Testing_Selenium_TestNg.AppTest" name="testcase_2" time="22.973"/>
</testsuite> <!-- Test -->
